[debug] [2020-12-29T08:21:49.144Z] ----------------------------------------------------------------------
[debug] [2020-12-29T08:21:49.148Z] Command:       /usr/bin/node /usr/bin/firebase serve
[debug] [2020-12-29T08:21:49.149Z] CLI Version:   9.1.0
[debug] [2020-12-29T08:21:49.149Z] Platform:      linux
[debug] [2020-12-29T08:21:49.150Z] Node Version:  v15.3.0
[debug] [2020-12-29T08:21:49.200Z] Time:          Tue Dec 29 2020 13:51:49 GMT+0530 (India Standard Time)
[debug] [2020-12-29T08:21:49.201Z] ----------------------------------------------------------------------
[debug] [2020-12-29T08:21:49.202Z] 
[debug] [2020-12-29T08:21:49.252Z] > command requires scopes: ["email","openid","https://www.googleapis.com/auth/cloudplatformprojects.readonly","https://www.googleapis.com/auth/firebase","https://www.googleapis.com/auth/cloud-platform"]
[debug] [2020-12-29T08:21:49.254Z] > authorizing via signed-in user
[debug] [2020-12-29T08:21:49.254Z] [iam] checking project telegrambot-7f8ef for permissions ["firebase.projects.get"]
[debug] [2020-12-29T08:21:49.263Z] > refreshing access token with scopes: ["email","https://www.googleapis.com/auth/cloud-platform","https://www.googleapis.com/auth/cloudplatformprojects.readonly","https://www.googleapis.com/auth/firebase","openid"]
[debug] [2020-12-29T08:21:49.264Z] >>> HTTP REQUEST POST https://www.googleapis.com/oauth2/v3/token  
 <request body omitted>
[debug] [2020-12-29T08:21:49.876Z] <<< HTTP RESPONSE 200 {"cache-control":"no-cache, no-store, max-age=0, must-revalidate","pragma":"no-cache","date":"Tue, 29 Dec 2020 08:21:49 GMT","expires":"Mon, 01 Jan 1990 00:00:00 GMT","content-type":"application/json; charset=utf-8","vary":"X-Origin, Referer, Origin,Accept-Encoding","server":"scaffolding on HTTPServer2","x-xss-protection":"0","x-frame-options":"SAMEORIGIN","x-content-type-options":"nosniff","alt-svc":"h3-29=\":443\"; ma=2592000,h3-T051=\":443\"; ma=2592000,h3-Q050=\":443\"; ma=2592000,h3-Q046=\":443\"; ma=2592000,h3-Q043=\":443\"; ma=2592000,quic=\":443\"; ma=2592000; v=\"46,43\"","accept-ranges":"none","transfer-encoding":"chunked"}
[debug] [2020-12-29T08:21:49.914Z] >>> HTTP REQUEST POST https://cloudresourcemanager.googleapis.com/v1/projects/telegrambot-7f8ef:testIamPermissions  
 {"permissions":["firebase.projects.get"]}
[debug] [2020-12-29T08:21:51.430Z] <<< HTTP RESPONSE 200 {"content-type":"application/json; charset=UTF-8","vary":"X-Origin, Referer, Origin,Accept-Encoding","date":"Tue, 29 Dec 2020 08:21:51 GMT","server":"ESF","cache-control":"private","x-xss-protection":"0","x-frame-options":"SAMEORIGIN","x-content-type-options":"nosniff","server-timing":"gfet4t7; dur=1079","alt-svc":"h3-29=\":443\"; ma=2592000,h3-T051=\":443\"; ma=2592000,h3-Q050=\":443\"; ma=2592000,h3-Q046=\":443\"; ma=2592000,h3-Q043=\":443\"; ma=2592000,quic=\":443\"; ma=2592000; v=\"46,43\"","accept-ranges":"none","transfer-encoding":"chunked"}
[debug] [2020-12-29T08:21:51.432Z] >>> HTTP REQUEST GET https://firebase.googleapis.com/v1beta1/projects/telegrambot-7f8ef  
 
[debug] [2020-12-29T08:21:52.040Z] <<< HTTP RESPONSE 200 {"content-type":"application/json; charset=UTF-8","vary":"X-Origin, Referer, Origin,Accept-Encoding","date":"Tue, 29 Dec 2020 08:21:51 GMT","server":"ESF","cache-control":"private","x-xss-protection":"0","x-frame-options":"SAMEORIGIN","x-content-type-options":"nosniff","alt-svc":"h3-29=\":443\"; ma=2592000,h3-T051=\":443\"; ma=2592000,h3-Q050=\":443\"; ma=2592000,h3-Q046=\":443\"; ma=2592000,h3-Q043=\":443\"; ma=2592000,quic=\":443\"; ma=2592000; v=\"46,43\"","accept-ranges":"none","transfer-encoding":"chunked"}
[info] 
[info] === Serving from '/home/dinushi/telegramBot'...
[info] 
[warn] ⚠  Your requested "node" version "12" doesn't match your global version "15" {"metadata":{"emulator":{"name":"functions"},"message":"Your requested \"node\" version \"12\" doesn't match your global version \"15\""}}
[debug] [2020-12-29T08:21:52.072Z] defaultcredentials: writing to file /home/dinushi/.config/firebase/dinushidhananjani_gmail_com_application_default_credentials.json
[debug] [2020-12-29T08:21:52.076Z] Setting GAC to /home/dinushi/.config/firebase/dinushidhananjani_gmail_com_application_default_credentials.json {"metadata":{"emulator":{"name":"functions"},"message":"Setting GAC to /home/dinushi/.config/firebase/dinushidhananjani_gmail_com_application_default_credentials.json"}}
[info] i  functions: Watching "/home/dinushi/telegramBot/functions" for Cloud Functions... {"metadata":{"emulator":{"name":"functions"},"message":"Watching \"/home/dinushi/telegramBot/functions\" for Cloud Functions..."}}
[debug] [2020-12-29T08:21:52.101Z] [worker-pool] addWorker(~diagnostic~) {"metadata":{"emulator":{"name":"functions"},"message":"[worker-pool] addWorker(~diagnostic~)"}}
[debug] [2020-12-29T08:21:52.101Z] [worker-pool] Adding worker with key ~diagnostic~, total=1 {"metadata":{"emulator":{"name":"functions"},"message":"[worker-pool] Adding worker with key ~diagnostic~, total=1"}}
[debug] [2020-12-29T08:21:52.102Z] [worker-pool] submitWork(triggerId=) {"metadata":{"emulator":{"name":"functions"},"message":"[worker-pool] submitWork(triggerId=)"}}
[debug] [2020-12-29T08:21:52.102Z] [worker-~diagnostic~-3b08a8c0-0970-4055-a90c-31194b9f860f]: Assigning socketPath: /tmp/fire_emu_57985.sock {"metadata":{"emulator":{"name":"functions"},"message":"[worker-~diagnostic~-3b08a8c0-0970-4055-a90c-31194b9f860f]: Assigning socketPath: /tmp/fire_emu_57985.sock"}}
[debug] [2020-12-29T08:21:52.103Z] [worker-~diagnostic~-3b08a8c0-0970-4055-a90c-31194b9f860f]: BUSY {"metadata":{"emulator":{"name":"functions"},"message":"[worker-~diagnostic~-3b08a8c0-0970-4055-a90c-31194b9f860f]: BUSY"}}
[debug] [2020-12-29T08:21:52.272Z] [runtime-status] [57985] Functions runtime initialized. {"cwd":"/home/dinushi/telegramBot/functions","node_version":"15.3.0"} {"metadata":{"emulator":{"name":"functions"},"message":"[runtime-status] [57985] Functions runtime initialized. {\"cwd\":\"/home/dinushi/telegramBot/functions\",\"node_version\":\"15.3.0\"}"}}
[debug] [2020-12-29T08:21:52.274Z] [runtime-status] [57985] Disabled runtime features: undefined {"metadata":{"emulator":{"name":"functions"},"message":"[runtime-status] [57985] Disabled runtime features: undefined"}}
[debug] [2020-12-29T08:21:52.288Z] [runtime-status] [57985] Resolved module firebase-admin {"declared":true,"installed":true,"version":"9.4.2","resolution":"/home/dinushi/telegramBot/functions/node_modules/firebase-admin/lib/index.js"} {"metadata":{"emulator":{"name":"functions"},"message":"[runtime-status] [57985] Resolved module firebase-admin {\"declared\":true,\"installed\":true,\"version\":\"9.4.2\",\"resolution\":\"/home/dinushi/telegramBot/functions/node_modules/firebase-admin/lib/index.js\"}"}}
[debug] [2020-12-29T08:21:52.290Z] [runtime-status] [57985] Resolved module firebase-functions {"declared":true,"installed":true,"version":"3.13.0","resolution":"/home/dinushi/telegramBot/functions/node_modules/firebase-functions/lib/index.js"} {"metadata":{"emulator":{"name":"functions"},"message":"[runtime-status] [57985] Resolved module firebase-functions {\"declared\":true,\"installed\":true,\"version\":\"3.13.0\",\"resolution\":\"/home/dinushi/telegramBot/functions/node_modules/firebase-functions/lib/index.js\"}"}}
[debug] [2020-12-29T08:21:52.303Z] [runtime-status] [57985] Resolved module firebase-functions {"declared":true,"installed":true,"version":"3.13.0","resolution":"/home/dinushi/telegramBot/functions/node_modules/firebase-functions/lib/index.js"} {"metadata":{"emulator":{"name":"functions"},"message":"[runtime-status] [57985] Resolved module firebase-functions {\"declared\":true,\"installed\":true,\"version\":\"3.13.0\",\"resolution\":\"/home/dinushi/telegramBot/functions/node_modules/firebase-functions/lib/index.js\"}"}}
[debug] [2020-12-29T08:21:52.306Z] [runtime-status] [57985] Outgoing network have been stubbed. [{"name":"http","status":"mocked"},{"name":"http","status":"mocked"},{"name":"https","status":"mocked"},{"name":"https","status":"mocked"},{"name":"net","status":"mocked"}] {"metadata":{"emulator":{"name":"functions"},"message":"[runtime-status] [57985] Outgoing network have been stubbed. [{\"name\":\"http\",\"status\":\"mocked\"},{\"name\":\"http\",\"status\":\"mocked\"},{\"name\":\"https\",\"status\":\"mocked\"},{\"name\":\"https\",\"status\":\"mocked\"},{\"name\":\"net\",\"status\":\"mocked\"}]"}}
[debug] [2020-12-29T08:21:52.308Z] [runtime-status] [57985] Resolved module firebase-functions {"declared":true,"installed":true,"version":"3.13.0","resolution":"/home/dinushi/telegramBot/functions/node_modules/firebase-functions/lib/index.js"} {"metadata":{"emulator":{"name":"functions"},"message":"[runtime-status] [57985] Resolved module firebase-functions {\"declared\":true,\"installed\":true,\"version\":\"3.13.0\",\"resolution\":\"/home/dinushi/telegramBot/functions/node_modules/firebase-functions/lib/index.js\"}"}}
[debug] [2020-12-29T08:21:52.607Z] [runtime-status] [57985] Checked functions.config() {"config":{}} {"metadata":{"emulator":{"name":"functions"},"message":"[runtime-status] [57985] Checked functions.config() {\"config\":{}}"}}
[debug] [2020-12-29T08:21:52.608Z] [runtime-status] [57985] firebase-functions has been stubbed. {"functionsResolution":{"declared":true,"installed":true,"version":"3.13.0","resolution":"/home/dinushi/telegramBot/functions/node_modules/firebase-functions/lib/index.js"}} {"metadata":{"emulator":{"name":"functions"},"message":"[runtime-status] [57985] firebase-functions has been stubbed. {\"functionsResolution\":{\"declared\":true,\"installed\":true,\"version\":\"3.13.0\",\"resolution\":\"/home/dinushi/telegramBot/functions/node_modules/firebase-functions/lib/index.js\"}}"}}
[debug] [2020-12-29T08:21:52.610Z] [runtime-status] [57985] Resolved module firebase-functions {"declared":true,"installed":true,"version":"3.13.0","resolution":"/home/dinushi/telegramBot/functions/node_modules/firebase-functions/lib/index.js"} {"metadata":{"emulator":{"name":"functions"},"message":"[runtime-status] [57985] Resolved module firebase-functions {\"declared\":true,\"installed\":true,\"version\":\"3.13.0\",\"resolution\":\"/home/dinushi/telegramBot/functions/node_modules/firebase-functions/lib/index.js\"}"}}
[debug] [2020-12-29T08:21:52.613Z] [runtime-status] [57985] Resolved module firebase-admin {"declared":true,"installed":true,"version":"9.4.2","resolution":"/home/dinushi/telegramBot/functions/node_modules/firebase-admin/lib/index.js"} {"metadata":{"emulator":{"name":"functions"},"message":"[runtime-status] [57985] Resolved module firebase-admin {\"declared\":true,\"installed\":true,\"version\":\"9.4.2\",\"resolution\":\"/home/dinushi/telegramBot/functions/node_modules/firebase-admin/lib/index.js\"}"}}
[debug] [2020-12-29T08:21:52.613Z] [runtime-status] [57985] Resolved module firebase-functions {"declared":true,"installed":true,"version":"3.13.0","resolution":"/home/dinushi/telegramBot/functions/node_modules/firebase-functions/lib/index.js"} {"metadata":{"emulator":{"name":"functions"},"message":"[runtime-status] [57985] Resolved module firebase-functions {\"declared\":true,\"installed\":true,\"version\":\"3.13.0\",\"resolution\":\"/home/dinushi/telegramBot/functions/node_modules/firebase-functions/lib/index.js\"}"}}
[debug] [2020-12-29T08:21:52.615Z] [runtime-status] [57985] firebase-admin has been stubbed. {"adminResolution":{"declared":true,"installed":true,"version":"9.4.2","resolution":"/home/dinushi/telegramBot/functions/node_modules/firebase-admin/lib/index.js"}} {"metadata":{"emulator":{"name":"functions"},"message":"[runtime-status] [57985] firebase-admin has been stubbed. {\"adminResolution\":{\"declared\":true,\"installed\":true,\"version\":\"9.4.2\",\"resolution\":\"/home/dinushi/telegramBot/functions/node_modules/firebase-admin/lib/index.js\"}}"}}
[info] ✔  functions[helloWorld]: http function initialized (http://localhost:5000/telegrambot-7f8ef/us-central1/helloWorld). {"metadata":{"emulator":{"name":"functions"},"message":"\u001b[1mhttp\u001b[22m function initialized (http://localhost:5000/telegrambot-7f8ef/us-central1/helloWorld)."}}
[warn] ⚠  External network resource requested!
   - URL: "https://api.telegram.org/bot1416207322:AAEpl0w67OsJcKpv_p5kaC-cRMSOr_R2CtM/getMe"
 - Be careful, this may be a production service. {"metadata":{"emulator":{"name":"functions"},"message":"External network resource requested!\n   - URL: \"https://api.telegram.org/bot1416207322:AAEpl0w67OsJcKpv_p5kaC-cRMSOr_R2CtM/getMe\"\n - Be careful, this may be a production service."}}
[debug] [2020-12-29T08:21:52.830Z] [worker-~diagnostic~-3b08a8c0-0970-4055-a90c-31194b9f860f]: IDLE {"metadata":{"emulator":{"name":"functions"},"message":"[worker-~diagnostic~-3b08a8c0-0970-4055-a90c-31194b9f860f]: IDLE"}}
[warn] ⚠  External network resource requested!
   - URL: "https://api.telegram.org/bot1416207322:AAEpl0w67OsJcKpv_p5kaC-cRMSOr_R2CtM/deleteWebhook"
 - Be careful, this may be a production service. {"metadata":{"emulator":{"name":"functions"},"message":"External network resource requested!\n   - URL: \"https://api.telegram.org/bot1416207322:AAEpl0w67OsJcKpv_p5kaC-cRMSOr_R2CtM/deleteWebhook\"\n - Be careful, this may be a production service."}}
[warn] ⚠  External network resource requested!
   - URL: "https://api.telegram.org/bot1416207322:AAEpl0w67OsJcKpv_p5kaC-cRMSOr_R2CtM/getUpdates?offset=0&limit=100&timeout=30"
 - Be careful, this may be a production service. {"metadata":{"emulator":{"name":"functions"},"message":"External network resource requested!\n   - URL: \"https://api.telegram.org/bot1416207322:AAEpl0w67OsJcKpv_p5kaC-cRMSOr_R2CtM/getUpdates?offset=0&limit=100&timeout=30\"\n - Be careful, this may be a production service."}}
[debug] [2020-12-29T08:22:02.831Z] [work-queue] {"queueLength":1,"workRunningCount":0}
[debug] [2020-12-29T08:22:02.831Z] [work-queue] {"queueLength":0,"workRunningCount":1}
[debug] [2020-12-29T08:22:02.832Z] Accepted request GET /telegrambot-7f8ef/us-central1/helloWorld --> helloWorld
[debug] [2020-12-29T08:22:02.839Z] [worker-pool] addWorker(helloWorld) {"metadata":{"emulator":{"name":"functions"},"message":"[worker-pool] addWorker(helloWorld)"}}
[debug] [2020-12-29T08:22:02.840Z] [worker-pool] Adding worker with key helloWorld, total=1 {"metadata":{"emulator":{"name":"functions"},"message":"[worker-pool] Adding worker with key helloWorld, total=1"}}
[debug] [2020-12-29T08:22:02.840Z] [worker-pool] submitWork(triggerId=helloWorld) {"metadata":{"emulator":{"name":"functions"},"message":"[worker-pool] submitWork(triggerId=helloWorld)"}}
[debug] [2020-12-29T08:22:02.840Z] [worker-helloWorld-231d2a95-80bd-4e05-8cf3-f162b274204c]: Assigning socketPath: /tmp/fire_emu_58023.sock {"metadata":{"emulator":{"name":"functions"},"message":"[worker-helloWorld-231d2a95-80bd-4e05-8cf3-f162b274204c]: Assigning socketPath: /tmp/fire_emu_58023.sock"}}
[debug] [2020-12-29T08:22:02.840Z] [worker-helloWorld-231d2a95-80bd-4e05-8cf3-f162b274204c]: BUSY {"metadata":{"emulator":{"name":"functions"},"message":"[worker-helloWorld-231d2a95-80bd-4e05-8cf3-f162b274204c]: BUSY"}}
[debug] [2020-12-29T08:22:02.996Z] [runtime-status] [58023] Functions runtime initialized. {"cwd":"/home/dinushi/telegramBot/functions","node_version":"15.3.0"} {"metadata":{"emulator":{"name":"functions"},"function":{"name":"helloWorld"},"message":"[runtime-status] [58023] Functions runtime initialized. {\"cwd\":\"/home/dinushi/telegramBot/functions\",\"node_version\":\"15.3.0\"}"}}
[debug] [2020-12-29T08:22:02.999Z] [runtime-status] [58023] Disabled runtime features: undefined {"metadata":{"emulator":{"name":"functions"},"function":{"name":"helloWorld"},"message":"[runtime-status] [58023] Disabled runtime features: undefined"}}
[debug] [2020-12-29T08:22:03.001Z] [runtime-status] [58023] Resolved module firebase-admin {"declared":true,"installed":true,"version":"9.4.2","resolution":"/home/dinushi/telegramBot/functions/node_modules/firebase-admin/lib/index.js"} {"metadata":{"emulator":{"name":"functions"},"function":{"name":"helloWorld"},"message":"[runtime-status] [58023] Resolved module firebase-admin {\"declared\":true,\"installed\":true,\"version\":\"9.4.2\",\"resolution\":\"/home/dinushi/telegramBot/functions/node_modules/firebase-admin/lib/index.js\"}"}}
[debug] [2020-12-29T08:22:03.002Z] [runtime-status] [58023] Resolved module firebase-functions {"declared":true,"installed":true,"version":"3.13.0","resolution":"/home/dinushi/telegramBot/functions/node_modules/firebase-functions/lib/index.js"} {"metadata":{"emulator":{"name":"functions"},"function":{"name":"helloWorld"},"message":"[runtime-status] [58023] Resolved module firebase-functions {\"declared\":true,\"installed\":true,\"version\":\"3.13.0\",\"resolution\":\"/home/dinushi/telegramBot/functions/node_modules/firebase-functions/lib/index.js\"}"}}
[debug] [2020-12-29T08:22:03.003Z] [runtime-status] [58023] Resolved module firebase-functions {"declared":true,"installed":true,"version":"3.13.0","resolution":"/home/dinushi/telegramBot/functions/node_modules/firebase-functions/lib/index.js"} {"metadata":{"emulator":{"name":"functions"},"function":{"name":"helloWorld"},"message":"[runtime-status] [58023] Resolved module firebase-functions {\"declared\":true,\"installed\":true,\"version\":\"3.13.0\",\"resolution\":\"/home/dinushi/telegramBot/functions/node_modules/firebase-functions/lib/index.js\"}"}}
[debug] [2020-12-29T08:22:03.005Z] [runtime-status] [58023] Outgoing network have been stubbed. [{"name":"http","status":"mocked"},{"name":"http","status":"mocked"},{"name":"https","status":"mocked"},{"name":"https","status":"mocked"},{"name":"net","status":"mocked"}] {"metadata":{"emulator":{"name":"functions"},"function":{"name":"helloWorld"},"message":"[runtime-status] [58023] Outgoing network have been stubbed. [{\"name\":\"http\",\"status\":\"mocked\"},{\"name\":\"http\",\"status\":\"mocked\"},{\"name\":\"https\",\"status\":\"mocked\"},{\"name\":\"https\",\"status\":\"mocked\"},{\"name\":\"net\",\"status\":\"mocked\"}]"}}
[debug] [2020-12-29T08:22:03.006Z] [runtime-status] [58023] Resolved module firebase-functions {"declared":true,"installed":true,"version":"3.13.0","resolution":"/home/dinushi/telegramBot/functions/node_modules/firebase-functions/lib/index.js"} {"metadata":{"emulator":{"name":"functions"},"function":{"name":"helloWorld"},"message":"[runtime-status] [58023] Resolved module firebase-functions {\"declared\":true,\"installed\":true,\"version\":\"3.13.0\",\"resolution\":\"/home/dinushi/telegramBot/functions/node_modules/firebase-functions/lib/index.js\"}"}}
[debug] [2020-12-29T08:22:03.049Z] [runtime-status] [58023] Checked functions.config() {"config":{}} {"metadata":{"emulator":{"name":"functions"},"function":{"name":"helloWorld"},"message":"[runtime-status] [58023] Checked functions.config() {\"config\":{}}"}}
[debug] [2020-12-29T08:22:03.050Z] [runtime-status] [58023] firebase-functions has been stubbed. {"functionsResolution":{"declared":true,"installed":true,"version":"3.13.0","resolution":"/home/dinushi/telegramBot/functions/node_modules/firebase-functions/lib/index.js"}} {"metadata":{"emulator":{"name":"functions"},"function":{"name":"helloWorld"},"message":"[runtime-status] [58023] firebase-functions has been stubbed. {\"functionsResolution\":{\"declared\":true,\"installed\":true,\"version\":\"3.13.0\",\"resolution\":\"/home/dinushi/telegramBot/functions/node_modules/firebase-functions/lib/index.js\"}}"}}
[debug] [2020-12-29T08:22:03.050Z] [runtime-status] [58023] Resolved module firebase-functions {"declared":true,"installed":true,"version":"3.13.0","resolution":"/home/dinushi/telegramBot/functions/node_modules/firebase-functions/lib/index.js"} {"metadata":{"emulator":{"name":"functions"},"function":{"name":"helloWorld"},"message":"[runtime-status] [58023] Resolved module firebase-functions {\"declared\":true,\"installed\":true,\"version\":\"3.13.0\",\"resolution\":\"/home/dinushi/telegramBot/functions/node_modules/firebase-functions/lib/index.js\"}"}}
[debug] [2020-12-29T08:22:03.051Z] [runtime-status] [58023] Resolved module firebase-admin {"declared":true,"installed":true,"version":"9.4.2","resolution":"/home/dinushi/telegramBot/functions/node_modules/firebase-admin/lib/index.js"} {"metadata":{"emulator":{"name":"functions"},"function":{"name":"helloWorld"},"message":"[runtime-status] [58023] Resolved module firebase-admin {\"declared\":true,\"installed\":true,\"version\":\"9.4.2\",\"resolution\":\"/home/dinushi/telegramBot/functions/node_modules/firebase-admin/lib/index.js\"}"}}
[debug] [2020-12-29T08:22:03.052Z] [runtime-status] [58023] Resolved module firebase-functions {"declared":true,"installed":true,"version":"3.13.0","resolution":"/home/dinushi/telegramBot/functions/node_modules/firebase-functions/lib/index.js"} {"metadata":{"emulator":{"name":"functions"},"function":{"name":"helloWorld"},"message":"[runtime-status] [58023] Resolved module firebase-functions {\"declared\":true,\"installed\":true,\"version\":\"3.13.0\",\"resolution\":\"/home/dinushi/telegramBot/functions/node_modules/firebase-functions/lib/index.js\"}"}}
[debug] [2020-12-29T08:22:03.052Z] [runtime-status] [58023] firebase-admin has been stubbed. {"adminResolution":{"declared":true,"installed":true,"version":"9.4.2","resolution":"/home/dinushi/telegramBot/functions/node_modules/firebase-admin/lib/index.js"}} {"metadata":{"emulator":{"name":"functions"},"function":{"name":"helloWorld"},"message":"[runtime-status] [58023] firebase-admin has been stubbed. {\"adminResolution\":{\"declared\":true,\"installed\":true,\"version\":\"9.4.2\",\"resolution\":\"/home/dinushi/telegramBot/functions/node_modules/firebase-admin/lib/index.js\"}}"}}
[warn] ⚠  External network resource requested!
   - URL: "https://api.telegram.org/bot1416207322:AAEpl0w67OsJcKpv_p5kaC-cRMSOr_R2CtM/getMe"
 - Be careful, this may be a production service. {"metadata":{"emulator":{"name":"functions"},"function":{"name":"helloWorld"},"message":"External network resource requested!\n   - URL: \"https://api.telegram.org/bot1416207322:AAEpl0w67OsJcKpv_p5kaC-cRMSOr_R2CtM/getMe\"\n - Be careful, this may be a production service."}}
[debug] [2020-12-29T08:22:03.091Z] [runtime-status] [58023] Trigger "helloWorld" has been found, beginning invocation! {"metadata":{"emulator":{"name":"functions"},"function":{"name":"helloWorld"},"message":"[runtime-status] [58023] Trigger \"helloWorld\" has been found, beginning invocation!"}}
[info] i  functions: Beginning execution of "helloWorld" {"metadata":{"emulator":{"name":"functions"},"function":{"name":"helloWorld"},"message":"Beginning execution of \"helloWorld\""}}
[debug] [2020-12-29T08:22:03.092Z] [runtime-status] [58023] triggerDefinition {"httpsTrigger":{},"name":"helloWorld","entryPoint":"helloWorld"} {"metadata":{"emulator":{"name":"functions"},"function":{"name":"helloWorld"},"message":"[runtime-status] [58023] triggerDefinition {\"httpsTrigger\":{},\"name\":\"helloWorld\",\"entryPoint\":\"helloWorld\"}"}}
[debug] [2020-12-29T08:22:03.092Z] [runtime-status] [58023] Running helloWorld in mode HTTPS {"metadata":{"emulator":{"name":"functions"},"function":{"name":"helloWorld"},"message":"[runtime-status] [58023] Running helloWorld in mode HTTPS"}}
[debug] [2020-12-29T08:22:03.096Z] [runtime-status] [58023] Attempting to listen to socketPath: /tmp/fire_emu_58023.sock {"metadata":{"emulator":{"name":"functions"},"function":{"name":"helloWorld"},"message":"[runtime-status] [58023] Attempting to listen to socketPath: /tmp/fire_emu_58023.sock"}}
[debug] [2020-12-29T08:22:03.101Z] [functions] Runtime ready! Sending request! {"metadata":{"emulator":{"name":"functions"},"message":"[functions] Runtime ready! Sending request!"}}
[debug] [2020-12-29T08:22:03.109Z] [runtime-status] [58023] Ephemeral server handling GET request {"metadata":{"emulator":{"name":"functions"},"function":{"name":"helloWorld"},"message":"[runtime-status] [58023] Ephemeral server handling GET request"}}
[info] >  {"structuredData":true,"severity":"INFO","message":"Hello logs!"} {"user":{"structuredData":true,"severity":"INFO","message":"Hello logs!"},"metadata":{"emulator":{"name":"functions"},"function":{"name":"helloWorld"},"message":"\u001b[90m> \u001b[39m {\"structuredData\":true,\"severity\":\"INFO\",\"message\":\"Hello logs!\"}"}}
[debug] [2020-12-29T08:22:03.117Z] [runtime-status] [58023] Ephemeral server survived. {"metadata":{"emulator":{"name":"functions"},"function":{"name":"helloWorld"},"message":"[runtime-status] [58023] Ephemeral server survived."}}
[info] i  functions: Finished "helloWorld" in ~1s {"metadata":{"emulator":{"name":"functions"},"function":{"name":"helloWorld"},"message":"Finished \"helloWorld\" in ~1s"}}
[debug] [2020-12-29T08:22:03.122Z] [worker-helloWorld-231d2a95-80bd-4e05-8cf3-f162b274204c]: IDLE {"metadata":{"emulator":{"name":"functions"},"message":"[worker-helloWorld-231d2a95-80bd-4e05-8cf3-f162b274204c]: IDLE"}}
[debug] [2020-12-29T08:22:03.123Z] [work-queue] {"queueLength":0,"workRunningCount":0}
[warn] ⚠  External network resource requested!
   - URL: "https://api.telegram.org/bot1416207322:AAEpl0w67OsJcKpv_p5kaC-cRMSOr_R2CtM/deleteWebhook"
 - Be careful, this may be a production service. {"metadata":{"emulator":{"name":"functions"},"function":{"name":"helloWorld"},"message":"External network resource requested!\n   - URL: \"https://api.telegram.org/bot1416207322:AAEpl0w67OsJcKpv_p5kaC-cRMSOr_R2CtM/deleteWebhook\"\n - Be careful, this may be a production service."}}
[warn] ⚠  External network resource requested!
   - URL: "https://api.telegram.org/bot1416207322:AAEpl0w67OsJcKpv_p5kaC-cRMSOr_R2CtM/getUpdates?offset=0&limit=100&timeout=30"
 - Be careful, this may be a production service. {"metadata":{"emulator":{"name":"functions"},"function":{"name":"helloWorld"},"message":"External network resource requested!\n   - URL: \"https://api.telegram.org/bot1416207322:AAEpl0w67OsJcKpv_p5kaC-cRMSOr_R2CtM/getUpdates?offset=0&limit=100&timeout=30\"\n - Be careful, this may be a production service."}}
[info] >  Failed to process updates. TelegramError: 409: Conflict: terminated by other getUpdates request; make sure that only one bot instance is running {"user":"Failed to process updates. TelegramError: 409: Conflict: terminated by other getUpdates request; make sure that only one bot instance is running","metadata":{"emulator":{"name":"functions"},"message":"\u001b[90m> \u001b[39m Failed to process updates. TelegramError: 409: Conflict: terminated by other getUpdates request; make sure that only one bot instance is running"}}
[info] >      at /home/dinushi/telegramBot/functions/node_modules/telegraf/core/network/client.js:281:17 {"user":"    at /home/dinushi/telegramBot/functions/node_modules/telegraf/core/network/client.js:281:17","metadata":{"emulator":{"name":"functions"},"message":"\u001b[90m> \u001b[39m     at /home/dinushi/telegramBot/functions/node_modules/telegraf/core/network/client.js:281:17"}}
[info] >      at processTicksAndRejections (node:internal/process/task_queues:93:5) { {"user":"    at processTicksAndRejections (node:internal/process/task_queues:93:5) {","metadata":{"emulator":{"name":"functions"},"message":"\u001b[90m> \u001b[39m     at processTicksAndRejections (node:internal/process/task_queues:93:5) {"}}
[info] >    code: 409, {"user":"  code: 409,","metadata":{"emulator":{"name":"functions"},"message":"\u001b[90m> \u001b[39m   code: 409,"}}
[info] >    response: { {"user":"  response: {","metadata":{"emulator":{"name":"functions"},"message":"\u001b[90m> \u001b[39m   response: {"}}
[info] >      ok: false, {"user":"    ok: false,","metadata":{"emulator":{"name":"functions"},"message":"\u001b[90m> \u001b[39m     ok: false,"}}
[info] >      error_code: 409, {"user":"    error_code: 409,","metadata":{"emulator":{"name":"functions"},"message":"\u001b[90m> \u001b[39m     error_code: 409,"}}
[info] >      description: 'Conflict: terminated by other getUpdates request; make sure that only one bot instance is running' {"user":"    description: 'Conflict: terminated by other getUpdates request; make sure that only one bot instance is running'","metadata":{"emulator":{"name":"functions"},"message":"\u001b[90m> \u001b[39m     description: 'Conflict: terminated by other getUpdates request; make sure that only one bot instance is running'"}}
[info] >    }, {"user":"  },","metadata":{"emulator":{"name":"functions"},"message":"\u001b[90m> \u001b[39m   },"}}
[info] >    description: 'Conflict: terminated by other getUpdates request; make sure that only one bot instance is running', {"user":"  description: 'Conflict: terminated by other getUpdates request; make sure that only one bot instance is running',","metadata":{"emulator":{"name":"functions"},"message":"\u001b[90m> \u001b[39m   description: 'Conflict: terminated by other getUpdates request; make sure that only one bot instance is running',"}}
[info] >    parameters: {}, {"user":"  parameters: {},","metadata":{"emulator":{"name":"functions"},"message":"\u001b[90m> \u001b[39m   parameters: {},"}}
[info] >    on: { method: 'getUpdates?offset=0&limit=100&timeout=30', payload: {} } {"user":"  on: { method: 'getUpdates?offset=0&limit=100&timeout=30', payload: {} }","metadata":{"emulator":{"name":"functions"},"message":"\u001b[90m> \u001b[39m   on: { method: 'getUpdates?offset=0&limit=100&timeout=30', payload: {} }"}}
[info] >  } {"user":"}","metadata":{"emulator":{"name":"functions"},"message":"\u001b[90m> \u001b[39m }"}}
[debug] [2020-12-29T08:22:04.792Z] Functions emulator received unknown request at path /favicon.ico
[info] >  Failed to fetch updates. Waiting: 1s request to https://api.telegram.org/bot1416207322:AAEpl0w67OsJcKpv_p5kaC-cRMSOr_R2CtM/getUpdates?offset=0&limit=100&timeout=30 failed, reason: read ETIMEDOUT {"user":"Failed to fetch updates. Waiting: 1s request to https://api.telegram.org/bot1416207322:AAEpl0w67OsJcKpv_p5kaC-cRMSOr_R2CtM/getUpdates?offset=0&limit=100&timeout=30 failed, reason: read ETIMEDOUT","metadata":{"emulator":{"name":"functions"},"function":{"name":"helloWorld"},"message":"\u001b[90m> \u001b[39m Failed to fetch updates. Waiting: 1s request to https://api.telegram.org/bot1416207322:AAEpl0w67OsJcKpv_p5kaC-cRMSOr_R2CtM/getUpdates?offset=0&limit=100&timeout=30 failed, reason: read ETIMEDOUT"}}
